-------------------------------------------------------------------------------
Test set: Create posts feature
-------------------------------------------------------------------------------
Tests run: 6, Failures: 1, Errors: 0, Skipped: 0, Time elapsed: 2.493 s <<< FAILURE! - in Create posts feature
Create posts feature.Create posts with valid body json  Time elapsed: 0.411 s  <<< FAILURE!
java.lang.AssertionError: 
1 expectation failed.
Expected status code <201> but was <422>.


