-------------------------------------------------------------------------------
Test set: Get single post
-------------------------------------------------------------------------------
Tests run: 2, Failures: 1, Errors: 0, Skipped: 0, Time elapsed: 2.86 s <<< FAILURE! - in Get single post
Get single post.Get single post with valid id  Time elapsed: 2.423 s  <<< FAILURE!
java.lang.AssertionError: 
1 expectation failed.
JSON path user_id doesn't match.
Expected: <3780>
  Actual: <3649>


