-------------------------------------------------------------------------------
Test set: Post Create New User
-------------------------------------------------------------------------------
Tests run: 5, Failures: 1, Errors: 0, Skipped: 0, Time elapsed: 2.251 s <<< FAILURE! - in Post Create New User
Post Create New User.Post create user using valid body json  Time elapsed: 0.638 s  <<< FAILURE!
java.lang.AssertionError: 
1 expectation failed.
Expected status code <201> but was <422>.


