<?xml version="1.0" encoding="UTF-8"?>
<testsuite xmlns:xsi="http://www.w3.org/2001/XMLSchema-instance" xsi:noNamespaceSchemaLocation="https://maven.apache.org/surefire/maven-failsafe-plugin/xsd/failsafe-test-report-3.0.xsd" version="3.0" name="Delete todos" time="1.239" tests="3" errors="0" skipped="0" failures="0">
  <properties>
[...]
</properties>
  <testcase name="Delete todo with valid id" classname="Delete todos" time="0.452">
    <system-out><![CDATA[11:44:18.058 [pool-2-thread-1] INFO  i.c.core.plugin.SerenityReporter - Running feature from classpath:features/Gorest/CreateNewComments.feature

11:44:18.525 [pool-2-thread-1] INFO   - 

-------------------------------------------------------------------------------------
     _______. _______ .______       _______ .__   __.  __  .___________.____    ____ 
    /       ||   ____||   _  \     |   ____||  \ |  | |  | |           |\   \  /   / 
   |   (----`|  |__   |  |_)  |    |  |__   |   \|  | |  | `---|  |----` \   \/   /  
    \   \    |   __|  |      /     |   __|  |  . `  | |  |     |  |       \_    _/   
.----)   |   |  |____ |  |\  \----.|  |____ |  |\   | |  |     |  |         |  |     
|_______/    |_______|| _| `._____||_______||__| \__| |__|     |__|         |__|    
                                                                                     
 News and tutorials at http://www.serenity-bdd.info                                  
 Documentation at https://wakaleo.gitbooks.io/the-serenity-book/content/             
 Join the Serenity Community on Gitter: https://gitter.im/serenity-bdd/serenity-core 
 Serenity BDD Support and Training at http://serenity-bdd.info/#/trainingandsupport  
-------------------------------------------------------------------------------------


11:44:18.535 [pool-2-thread-1] INFO   - Test Suite Started: Post New Comments Test

11:44:18.577 [pool-2-thread-1] INFO  i.c.core.plugin.SerenityReporter - Running feature from classpath:features/Gorest/DeletePosts.feature

11:44:18.592 [pool-2-thread-1] INFO   - Test Suite Started: Delete Posts Feature

11:44:18.593 [pool-2-thread-1] INFO  i.c.core.plugin.SerenityReporter - Running feature from classpath:features/Gorest/DeleteTodos.feature

11:44:18.608 [pool-2-thread-1] INFO   - Test Suite Started: Delete todos

11:44:18.608 [pool-2-thread-1] INFO  i.c.core.plugin.SerenityReporter - Running feature from classpath:features/Gorest/GetListPosts.feature

11:44:18.622 [pool-2-thread-1] INFO   - Test Suite Started: Get Post Lists

11:44:18.622 [pool-2-thread-1] INFO  i.c.core.plugin.SerenityReporter - Running feature from classpath:features/Gorest/GetSinglePost.feature

11:44:18.634 [pool-2-thread-1] INFO   - Test Suite Started: Get single post

11:44:18.634 [pool-2-thread-1] INFO  i.c.core.plugin.SerenityReporter - Running feature from classpath:features/Gorest/PostCreateNewUser.feature

11:44:18.651 [pool-2-thread-1] INFO   - Test Suite Started: Post Create New User

11:44:18.651 [pool-2-thread-1] INFO  i.c.core.plugin.SerenityReporter - Running feature from classpath:features/Gorest/PostCreatePosts.feature

11:44:18.668 [pool-2-thread-1] INFO   - Test Suite Started: Create posts feature

11:44:18.669 [pool-2-thread-1] INFO  i.c.core.plugin.SerenityReporter - Running feature from classpath:features/Gorest/PutUpdateComment.feature

11:44:18.694 [pool-2-thread-1] INFO   - Test Suite Started: Put Update Comment

11:44:18.698 [pool-2-thread-1] INFO  i.c.core.plugin.SerenityReporter - Running feature from classpath:features/Gorest/PutUpdatePosts.feature

11:44:18.727 [pool-2-thread-1] INFO   - Test Suite Started: Update Posts Feature

11:44:37.343 [pool-2-thread-1] ERROR  - 
  _____   ___   ___   _____     ___     _     ___   _      ___   ___  
 |_   _| | __| / __| |_   _|   | __|   /_\   |_ _| | |    | __| |   \ 
   | |   | _|  \__ \   | |     | _|   / _ \   | |  | |__  | _|  | |) |
   |_|   |___| |___/   |_|     |_|   /_/ \_\ |___| |____| |___| |___/ 

Delete posts with valid id
-----------------------------------------------------------------------

11:44:37.552 [pool-2-thread-1] ERROR  -     Test failed at step: Then response code should be 204 no content

11:44:37.553 [pool-2-thread-1] ERROR  -     1 expectation failed.Expected status code <204> but was <404>.

11:44:38.315 [pool-2-thread-1] ERROR  - 
  _____   ___   ___   _____     ___     _     ___   _      ___   ___  
 |_   _| | __| / __| |_   _|   | __|   /_\   |_ _| | |    | __| |   \ 
   | |   | _|  \__ \   | |     | _|   / _ \   | |  | |__  | _|  | |) |
   |_|   |___| |___/   |_|     |_|   /_/ \_\ |___| |____| |___| |___/ 

Delete posts with valid id
-----------------------------------------------------------------------

11:44:38.316 [pool-2-thread-1] ERROR  -     Test failed at step: Then response code should be 204 no content

11:44:38.317 [pool-2-thread-1] ERROR  -     1 expectation failed.Expected status code <204> but was <404>.


@gorest
Scenario Outline: Delete todo with valid id &amp#27;[90m# features/Gorest/DeleteTodos.feature:9&amp#27;[0m
11:44:39.972 [pool-2-thread-1] INFO  i.c.core.plugin.SerenityReporter - Running feature from classpath:features/Gorest/DeleteTodos.feature
11:44:39.975 [pool-2-thread-1] INFO   - 
  _____   ___   ___   _____     ___   _____     _     ___   _____   ___   ___  
 |_   _| | __| / __| |_   _|   / __| |_   _|   /_\   | _ \ |_   _| | __| |   \ 
   | |   | _|  \__ \   | |     \__ \   | |    / _ \  |   /   | |   | _|  | |) |
   |_|   |___| |___/   |_|     |___/   |_|   /_/ \_\ |_|_\   |_|   |___| |___/ 

Delete todo with valid id(delete-todos;delete-todo-with-valid-id)
--------------------------------------------------------------------------------
  &amp#27;[32mGiven &amp#27;[0m&amp#27;[32mDelete todo using valid id &amp#27;[0m&amp#27;[32m&amp#27;[1m1910&amp#27;[0m     &amp#27;[90m# starter.Gorest.DeleteTodoSteps.deleteTodoUsingValidId(int)&amp#27;[0m
  &amp#27;[32mWhen &amp#27;[0m&amp#27;[32mSend delete todo request&amp#27;[0m             &amp#27;[90m# starter.Gorest.DeleteTodoSteps.sendDeleteTodoRequest()&amp#27;[0m
  &amp#27;[32mThen &amp#27;[0m&amp#27;[32mStatus code should be &amp#27;[0m&amp#27;[32m&amp#27;[1m204&amp#27;[0m&amp#27;[32m No Content&amp#27;[0m &amp#27;[90m# starter.Gorest.DeleteTodoSteps.statusCodeShouldBeNoContent(int)&amp#27;[0m
11:44:40.409 [pool-2-thread-1] INFO   - 
  _____   ___   ___   _____     ___     _     ___   ___   ___   ___  
 |_   _| | __| / __| |_   _|   | _ \   /_\   / __| / __| | __| |   \ 
   | |   | _|  \__ \   | |     |  _/  / _ \  \__ \ \__ \ | _|  | |) |
   |_|   |___| |___/   |_|     |_|   /_/ \_\ |___/ |___/ |___| |___/ 

Delete todo with valid id
----------------------------------------------------------------------
]]></system-out>
  </testcase>
  <testcase name="Delete todo with invalid id" classname="Delete todos" time="0.439">
    <system-out><![CDATA[
@gorest
Scenario Outline: Delete todo with invalid id &amp#27;[90m# features/Gorest/DeleteTodos.feature:17&amp#27;[0m
11:44:40.426 [pool-2-thread-1] INFO  i.c.core.plugin.SerenityReporter - Running feature from classpath:features/Gorest/DeleteTodos.feature
11:44:40.428 [pool-2-thread-1] INFO   - 
  _____   ___   ___   _____     ___   _____     _     ___   _____   ___   ___  
 |_   _| | __| / __| |_   _|   / __| |_   _|   /_\   | _ \ |_   _| | __| |   \ 
   | |   | _|  \__ \   | |     \__ \   | |    / _ \  |   /   | |   | _|  | |) |
   |_|   |___| |___/   |_|     |___/   |_|   /_/ \_\ |_|_\   |_|   |___| |___/ 

Delete todo with invalid id(delete-todos;delete-todo-with-invalid-id)
--------------------------------------------------------------------------------
  &amp#27;[32mGiven &amp#27;[0m&amp#27;[32mDelete todo using invalid id &amp#27;[0m&amp#27;[32m&amp#27;[1m9000&amp#27;[0m     &amp#27;[90m# starter.Gorest.DeleteTodoSteps.deleteTodoUsingInvalidIdId(int)&amp#27;[0m
  &amp#27;[32mWhen &amp#27;[0m&amp#27;[32mSend delete todo request&amp#27;[0m               &amp#27;[90m# starter.Gorest.DeleteTodoSteps.sendDeleteTodoRequest()&amp#27;[0m
  &amp#27;[32mThen &amp#27;[0m&amp#27;[32mShould return &amp#27;[0m&amp#27;[32m&amp#27;[1m404&amp#27;[0m&amp#27;[32m not found&amp#27;[0m            &amp#27;[90m# starter.Gorest.GetListPostsSteps.shouldReturnNotFound(int)&amp#27;[0m
11:44:40.848 [pool-2-thread-1] INFO   - 
  _____   ___   ___   _____     ___     _     ___   ___   ___   ___  
 |_   _| | __| / __| |_   _|   | _ \   /_\   / __| / __| | __| |   \ 
   | |   | _|  \__ \   | |     |  _/  / _ \  \__ \ \__ \ | _|  | |) |
   |_|   |___| |___/   |_|     |_|   /_/ \_\ |___/ |___/ |___| |___/ 

Delete todo with invalid id
----------------------------------------------------------------------
]]></system-out>
  </testcase>
  <testcase name="Delete todo with valid id without token" classname="Delete todos" time="0.348">
    <system-out><![CDATA[
@gorest
Scenario Outline: Delete todo with valid id without token &amp#27;[90m# features/Gorest/DeleteTodos.feature:25&amp#27;[0m
11:44:40.863 [pool-2-thread-1] INFO  i.c.core.plugin.SerenityReporter - Running feature from classpath:features/Gorest/DeleteTodos.feature
11:44:40.865 [pool-2-thread-1] INFO   - 
  _____   ___   ___   _____     ___   _____     _     ___   _____   ___   ___  
 |_   _| | __| / __| |_   _|   / __| |_   _|   /_\   | _ \ |_   _| | __| |   \ 
   | |   | _|  \__ \   | |     \__ \   | |    / _ \  |   /   | |   | _|  | |) |
   |_|   |___| |___/   |_|     |___/   |_|   /_/ \_\ |_|_\   |_|   |___| |___/ 

Delete todo with valid id without token(delete-todos;delete-todo-with-valid-id-without-token)
--------------------------------------------------------------------------------
  &amp#27;[32mGiven &amp#27;[0m&amp#27;[32mDelete todo using valid id &amp#27;[0m&amp#27;[32m&amp#27;[1m1907&amp#27;[0m                   &amp#27;[90m# starter.Gorest.DeleteTodoSteps.deleteTodoUsingValidId(int)&amp#27;[0m
  &amp#27;[32mWhen &amp#27;[0m&amp#27;[32mSend delete todo request without token&amp#27;[0m             &amp#27;[90m# starter.Gorest.DeleteTodoSteps.sendDeleteTodoRequestWithoutToken()&amp#27;[0m
  &amp#27;[32mThen &amp#27;[0m&amp#27;[32mResponse body should be &amp#27;[0m&amp#27;[32m&amp#27;[1m401&amp#27;[0m&amp#27;[32m unauthorized&amp#27;[0m           &amp#27;[90m# starter.Gorest.PostCreateNewUserSteps.responseBodyShouldBeUnauthorized(int)&amp#27;[0m
11:44:41.195 [pool-2-thread-1] INFO   - 
  _____   ___   ___   _____     ___     _     ___   ___   ___   ___  
 |_   _| | __| / __| |_   _|   | _ \   /_\   / __| / __| | __| |   \ 
   | |   | _|  \__ \   | |     |  _/  / _ \  \__ \ \__ \ | _|  | |) |
   |_|   |___| |___/   |_|     |_|   /_/ \_\ |___/ |___/ |___| |___/ 

Delete todo with valid id without token
----------------------------------------------------------------------
]]></system-out>
  </testcase>
</testsuite>