<?xml version="1.0" encoding="UTF-8"?><testsuite errors="0" failures="2" name="Get Post Lists" skipped="0" tests="4" time="2.63" timestamp="2022-11-12 11:44:41"><testcase name="Get list posts with valid page parameter"/><testcase name="Get list posts with invalid parameter page with character &amp; special character"><failure message="1 expectation failed.&#10;Expected status code &lt;404&gt; but was &lt;200&gt;.&#10;" type="java.lang.AssertionError">1 expectation failed.
Expected status code &lt;404&gt; but was &lt;200&gt;.
</failure><system-err>1 expectation failed.
Expected status code &lt;404&gt; but was &lt;200&gt;.
&#13;
io.restassured.internal.ResponseSpecificationImpl.validateResponseIfRequired(ResponseSpecificationImpl.groovy:674)&#13;
io.restassured.internal.ResponseSpecificationImpl.statusCode(ResponseSpecificationImpl.groovy:126)&#13;
io.restassured.internal.ResponseSpecificationImpl.statusCode(ResponseSpecificationImpl.groovy:134)&#13;
io.restassured.internal.ValidatableResponseOptionsImpl.statusCode(ValidatableResponseOptionsImpl.java:89)&#13;
io.restassured.internal.ValidatableResponseImpl.super$2$statusCode(ValidatableResponseImpl.groovy)&#13;
groovy.lang.MetaMethod.doMethodInvoke(MetaMethod.java:323)&#13;
groovy.lang.MetaClassImpl.invokeMethod(MetaClassImpl.java:1267)&#13;
io.restassured.internal.ValidatableResponseImpl.statusCode(ValidatableResponseImpl.groovy:142)&#13;
io.restassured.internal.ValidatableResponseImpl.statusCode(ValidatableResponseImpl.groovy)&#13;
starter.Gorest.GetListPostsSteps.shouldReturnNotFound(GetListPostsSteps.java:46)&#13;
✽.Should return 404 not found(classpath:features/Gorest/GetListPosts.feature:19)&#13;
</system-err></testcase></testsuite>