<?xml version="1.0" encoding="UTF-8"?><testsuite errors="0" failures="2" name="Delete Posts Feature" skipped="0" tests="5" time="19.75" timestamp="2022-11-12 11:44:20"><testcase name="Delete posts with valid id"><failure message="1 expectation failed.&#10;Expected status code &lt;204&gt; but was &lt;404&gt;.&#10;" type="java.lang.AssertionError">1 expectation failed.
Expected status code &lt;204&gt; but was &lt;404&gt;.
</failure><system-err>1 expectation failed.
Expected status code &lt;204&gt; but was &lt;404&gt;.
&#13;
io.restassured.internal.ResponseSpecificationImpl.validateResponseIfRequired(ResponseSpecificationImpl.groovy:674)&#13;
io.restassured.internal.ResponseSpecificationImpl.statusCode(ResponseSpecificationImpl.groovy:126)&#13;
io.restassured.internal.ResponseSpecificationImpl.statusCode(ResponseSpecificationImpl.groovy:134)&#13;
io.restassured.internal.ValidatableResponseOptionsImpl.statusCode(ValidatableResponseOptionsImpl.java:89)&#13;
io.restassured.internal.ValidatableResponseImpl.super$2$statusCode(ValidatableResponseImpl.groovy)&#13;
groovy.lang.MetaMethod.doMethodInvoke(MetaMethod.java:323)&#13;
groovy.lang.MetaClassImpl.invokeMethod(MetaClassImpl.java:1267)&#13;
io.restassured.internal.ValidatableResponseImpl.statusCode(ValidatableResponseImpl.groovy:142)&#13;
io.restassured.internal.ValidatableResponseImpl.statusCode(ValidatableResponseImpl.groovy)&#13;
starter.Gorest.DeletePostStepDef.responseCodeShouldBeNoContent(DeletePostStepDef.java:28)&#13;
✽.response code should be 204 no content(classpath:features/Gorest/DeletePosts.feature:6)&#13;
</system-err></testcase><testcase name="Delete posts with invalid id"/><testcase name="Delete posts without authentication"/></testsuite>