<?xml version="1.0" encoding="UTF-8"?><testsuite errors="0" failures="1" name="Create posts feature" skipped="0" tests="6" time="2.39" timestamp="2022-11-12 11:44:49"><testcase name="Create posts with valid body json"><failure message="1 expectation failed.&#10;Expected status code &lt;201&gt; but was &lt;422&gt;.&#10;" type="java.lang.AssertionError">1 expectation failed.
Expected status code &lt;201&gt; but was &lt;422&gt;.
</failure><system-err>1 expectation failed.
Expected status code &lt;201&gt; but was &lt;422&gt;.
&#13;
io.restassured.internal.ResponseSpecificationImpl.validateResponseIfRequired(ResponseSpecificationImpl.groovy:674)&#13;
io.restassured.internal.ResponseSpecificationImpl.statusCode(ResponseSpecificationImpl.groovy:126)&#13;
io.restassured.internal.ResponseSpecificationImpl.statusCode(ResponseSpecificationImpl.groovy:134)&#13;
io.restassured.internal.ValidatableResponseOptionsImpl.statusCode(ValidatableResponseOptionsImpl.java:89)&#13;
io.restassured.internal.ValidatableResponseImpl.super$2$statusCode(ValidatableResponseImpl.groovy)&#13;
groovy.lang.MetaMethod.doMethodInvoke(MetaMethod.java:323)&#13;
groovy.lang.MetaClassImpl.invokeMethod(MetaClassImpl.java:1267)&#13;
io.restassured.internal.ValidatableResponseImpl.statusCode(ValidatableResponseImpl.groovy:142)&#13;
io.restassured.internal.ValidatableResponseImpl.statusCode(ValidatableResponseImpl.groovy)&#13;
starter.Gorest.CreatePostsStepDef.responseCodeShouldBeCreated(CreatePostsStepDef.java:36)&#13;
âœ½.response code should be 201 created(classpath:features/Gorest/PostCreatePosts.feature:6)&#13;
</system-err></testcase><testcase name="Create posts without authentication"/><testcase name="Create posts with invalid user_id"/><testcase name="Create posts with invalid title"/><testcase name="Create posts with invalid body"/><testcase name="Create posts with invalid body json"/></testsuite>